0 info it worked if it ends with ok
1 verbose cli [ 'C:\\Program Files\\nodejs\\node.exe',
1 verbose cli   'C:\\Program Files\\nodejs\\node_modules\\npm\\bin\\npm-cli.js',
1 verbose cli   'run',
1 verbose cli   'start-dev-api' ]
2 info using npm@3.10.10
3 info using node@v6.9.5
4 verbose run-script [ 'prestart-dev-api', 'start-dev-api', 'poststart-dev-api' ]
5 info lifecycle babelcoder-wiki@1.0.0~prestart-dev-api: babelcoder-wiki@1.0.0
6 silly lifecycle babelcoder-wiki@1.0.0~prestart-dev-api: no script for prestart-dev-api, continuing
7 info lifecycle babelcoder-wiki@1.0.0~start-dev-api: babelcoder-wiki@1.0.0
8 verbose lifecycle babelcoder-wiki@1.0.0~start-dev-api: unsafe-perm in lifecycle true
9 verbose lifecycle babelcoder-wiki@1.0.0~start-dev-api: PATH: C:\Program Files\nodejs\node_modules\npm\bin\node-gyp-bin;C:\Users\KID\Desktop\AllComputer\mygit\etc\Intern\ReactStudy5Days\node_modules\.bin;C:\Program Files\nodejs\node_modules\npm\bin\node-gyp-bin;C:\Users\KID\Desktop\AllComputer\mygit\etc\Intern\ReactStudy5Days\node_modules\.bin;C:\Users\KID\AppData\Roaming\npm;C:\Program Files\nodejs\;C:\ProgramData\Oracle\Java\javapath;C:\Windows\System32;C:\Users\KID\AppData\Local\atom\bin;C:\Program Files\GtkSharp\2.12\bin;C:\Program Files\nodejs\;C:\ProgramData\Anaconda2;C:\ProgramData\Anaconda2\Scripts;C:\ProgramData\Anaconda2\Library\bin;C:\Users\KID\AppData\Local\Programs\Python\Python35-32\;C:\Users\KID\AppData\Local\Programs\Python\Python35-32;C:\Users\KID\AppData\Local\Programs\Python\Python35-32\lib\site-package\;C:\Users\KID\AppData\Local\Programs\Python\Python35-32\Scripts\;C:\Users\KID\AppData\Roaming\npm;C:\Users\KID\AppData\Local\Google\Cloud SDK\google-cloud-sdk\bin;C:\Program Files\Microsoft VS Code\bin
10 verbose lifecycle babelcoder-wiki@1.0.0~start-dev-api: CWD: C:\Users\KID\Desktop\AllComputer\mygit\etc\Intern\ReactStudy5Days
11 silly lifecycle babelcoder-wiki@1.0.0~start-dev-api: Args: [ '/d /s /c',
11 silly lifecycle   'json-server --watch api/db.json --routes api/routes.json --port 5000' ]
12 silly lifecycle babelcoder-wiki@1.0.0~start-dev-api: Returned: code: 3221225786  signal: null
13 info lifecycle babelcoder-wiki@1.0.0~start-dev-api: Failed to exec start-dev-api script
14 verbose stack Error: babelcoder-wiki@1.0.0 start-dev-api: `json-server --watch api/db.json --routes api/routes.json --port 5000`
14 verbose stack Exit status 3221225786
14 verbose stack     at EventEmitter.<anonymous> (C:\Program Files\nodejs\node_modules\npm\lib\utils\lifecycle.js:255:16)
14 verbose stack     at emitTwo (events.js:106:13)
14 verbose stack     at EventEmitter.emit (events.js:191:7)
14 verbose stack     at ChildProcess.<anonymous> (C:\Program Files\nodejs\node_modules\npm\lib\utils\spawn.js:40:14)
14 verbose stack     at emitTwo (events.js:106:13)
14 verbose stack     at ChildProcess.emit (events.js:191:7)
14 verbose stack     at maybeClose (internal/child_process.js:877:16)
14 verbose stack     at Process.ChildProcess._handle.onexit (internal/child_process.js:226:5)
15 verbose pkgid babelcoder-wiki@1.0.0
16 verbose cwd C:\Users\KID\Desktop\AllComputer\mygit\etc\Intern\ReactStudy5Days
17 error Windows_NT 6.1.7601
18 error argv "C:\\Program Files\\nodejs\\node.exe" "C:\\Program Files\\nodejs\\node_modules\\npm\\bin\\npm-cli.js" "run" "start-dev-api"
19 error node v6.9.5
20 error npm  v3.10.10
21 error code ELIFECYCLE
22 error babelcoder-wiki@1.0.0 start-dev-api: `json-server --watch api/db.json --routes api/routes.json --port 5000`
22 error Exit status 3221225786
23 error Failed at the babelcoder-wiki@1.0.0 start-dev-api script 'json-server --watch api/db.json --routes api/routes.json --port 5000'.
23 error Make sure you have the latest version of node.js and npm installed.
23 error If you do, this is most likely a problem with the babelcoder-wiki package,
23 error not with npm itself.
23 error Tell the author that this fails on your system:
23 error     json-server --watch api/db.json --routes api/routes.json --port 5000
23 error You can get information on how to open an issue for this project with:
23 error     npm bugs babelcoder-wiki
23 error Or if that isn't available, you can get their info via:
23 error     npm owner ls babelcoder-wiki
23 error There is likely additional logging output above.
24 verbose exit [ 1, true ]
